<?xml version="1.0" encoding="UTF-8"?>
<!-- Generated by org.testng.reporters.JUnitReportReporter -->
<testsuite hostname="PUKSHARMA.local" name="com.codebind.AppTest" tests="1" failures="0" timestamp="23 Mar 2017 06:53:41 GMT" time="3.647" errors="0">
  <testcase name="test" time="3.647" classname="com.codebind.AppTest"/>
</testsuite> <!-- com.codebind.AppTest -->
